[debug] [2018-03-13T19:18:59.086Z] ----------------------------------------------------------------------
[debug] [2018-03-13T19:18:59.087Z] Command:       /usr/local/bin/node /usr/local/bin/firebase open hosting:site
[debug] [2018-03-13T19:18:59.087Z] CLI Version:   3.17.6
[debug] [2018-03-13T19:18:59.087Z] Platform:      darwin
[debug] [2018-03-13T19:18:59.087Z] Node Version:  v8.9.0
[debug] [2018-03-13T19:18:59.088Z] Time:          Tue Mar 13 2018 13:18:59 GMT-0600 (MDT)
[debug] [2018-03-13T19:18:59.088Z] ----------------------------------------------------------------------
[debug] 
[debug] [2018-03-13T19:18:59.097Z] > command requires scopes: ["email","openid","https://www.googleapis.com/auth/cloudplatformprojects.readonly","https://www.googleapis.com/auth/firebase"]
[debug] [2018-03-13T19:18:59.097Z] > authorizing via signed-in user
[debug] [2018-03-13T19:18:59.098Z] > refreshing access token with scopes: ["email","https://www.googleapis.com/auth/cloudplatformprojects.readonly","https://www.googleapis.com/auth/firebase","openid"]
[debug] [2018-03-13T19:18:59.098Z] >>> HTTP REQUEST POST https://www.googleapis.com/oauth2/v3/token  
 { refresh_token: '1/F74pRZfBEisMyBYzk9phi5mFIeofy-Bd1EWeTXUfeLM',
  client_id: '563584335869-fgrhgmd47bqnekij5i8b5pr03ho849e6.apps.googleusercontent.com',
  client_secret: 'j9iVZfS8kkCEFUPaAeJV0sAi',
  grant_type: 'refresh_token',
  scope: 'email https://www.googleapis.com/auth/cloudplatformprojects.readonly https://www.googleapis.com/auth/firebase openid' } 
 Tue Mar 13 2018 13:18:59 GMT-0600 (MDT)
[debug] [2018-03-13T19:18:59.267Z] <<< HTTP RESPONSE 200
[debug] [2018-03-13T19:18:59.284Z] >>> HTTP REQUEST GET https://admin.firebase.com/v1/projects/reet2018  
  
 Tue Mar 13 2018 13:18:59 GMT-0600 (MDT)
[debug] [2018-03-13T19:19:00.786Z] <<< HTTP RESPONSE 200
[debug] [2018-03-13T19:19:00.787Z] >>> HTTP REQUEST GET https://admin.firebase.com/v1/database/reet2018/tokens  
  
 Tue Mar 13 2018 13:19:00 GMT-0600 (MDT)
